
     Program AVERAGE v.7.2 starts on 26Mar2024 at 16:58:36 

     This program is part of the open-source Quantum ESPRESSO suite
     for quantum simulation of materials; please cite
         "P. Giannozzi et al., J. Phys.:Condens. Matter 21 395502 (2009);
         "P. Giannozzi et al., J. Phys.:Condens. Matter 29 465901 (2017);
         "P. Giannozzi et al., J. Chem. Phys. 152 154105 (2020);
          URL http://www.quantum-espresso.org", 
     in publications or presentations arising from this work. More details at
     http://www.quantum-espresso.org/quote

     Parallel version (MPI & OpenMP), running on       1 processor cores
     Number of MPI processes:                 1
     Threads/MPI process:                     1

     MPI processes distributed on     1 nodes
     0 MiB available memory on the printing compute node when the environment starts

     Reading header from file  graphene_PBE.pot
     Reading data from file  graphene_PBE.pot
     Output written to file avg.dat

     AVERAGE      :      0.27s CPU      0.27s WALL


   This run was terminated on:  16:58:36  26Mar2024            

=------------------------------------------------------------------------------=
   JOB DONE.
=------------------------------------------------------------------------------=
