
     Program epsilon v.7.0 starts on 14Apr2025 at  7:11:20 

     This program is part of the open-source Quantum ESPRESSO suite
     for quantum simulation of materials; please cite
         "P. Giannozzi et al., J. Phys.:Condens. Matter 21 395502 (2009);
         "P. Giannozzi et al., J. Phys.:Condens. Matter 29 465901 (2017);
         "P. Giannozzi et al., J. Chem. Phys. 152 154105 (2020);
          URL http://www.quantum-espresso.org", 
     in publications or presentations arising from this work. More details at
     http://www.quantum-espresso.org/quote

     Parallel version (MPI & OpenMP), running on       8 processor cores
     Number of MPI processes:                 8
     Threads/MPI process:                     1

     MPI processes distributed on     1 nodes
     R & G space division:  proc/nbgrp/npool/nimage =       8
     0 MiB available memory on the printing compute node when the environment starts



     Reading input file...
     Broadcasting variables...
     Reading PW restart file...

     Reading xml data from directory:

     ./tmp/C2L_AB_PBE_vdW.save/

     IMPORTANT: XC functional enforced from input :
     Exchange-correlation= VDW-DF2-B86R
                           (   1   4  26   0   2   0   0)
     Any further DFT definition will be discarded
     Please, verify this is what you really want


     Parallelization info
     --------------------
     sticks:   dense  smooth     PW     G-vecs:    dense   smooth      PW
     Min          45      45     15                 5519     5519    1107
     Max          46      46     16                 5546     5546    1138
     Sum         361     361    121                44285    44285    8929

     Using Slab Decomposition



     %%%%%%%%%%%%%%%%%%%%%%%%%%%%%%%%%%%%%%%%%%%%%%%%%%%%%%%%%%%%%%%%%%%%%%%%
     %                                                                      %
     % You are using vdW-DF, which was implemented by the Thonhauser group. %
     % Please cite the following two papers that made this development      %
     % possible and the two reviews that describe the various versions:     %
     %                                                                      %
     %   T. Thonhauser et al., PRL 115, 136402 (2015).                      %
     %   T. Thonhauser et al., PRB 76, 125112 (2007).                       %
     %   K. Berland et al., Rep. Prog. Phys. 78, 066501 (2015).             %
     %   D.C. Langreth et al., J. Phys.: Condens. Matter 21, 084203 (2009). %
     %                                                                      %
     %                                                                      %
     % If you are calculating the stress with vdW-DF, please also cite:     %
     %                                                                      %
     %   R. Sabatini et al., J. Phys.: Condens. Matter 24, 424209 (2012).   %
     %                                                                      %
     %%%%%%%%%%%%%%%%%%%%%%%%%%%%%%%%%%%%%%%%%%%%%%%%%%%%%%%%%%%%%%%%%%%%%%%%




     Fermi energy [eV] is: -0.61663
     The system is a metal (occupations are not fixed)...
     metallic system: redefining wmin =     0.001000

     Performing eps calculation...

     xx,yy,zz plasmon frequences [eV] are:    10.684827731   10.685125750    9.640424127

     Writing output on file...


     eps          :      0.65s CPU      0.71s WALL (       1 calls)
     dipole_calc  :      0.37s CPU      0.42s WALL (     256 calls)


     epsilon      :      9.74s CPU      9.84s WALL


   This run was terminated on:   7:11:30  14Apr2025            

=------------------------------------------------------------------------------=
   JOB DONE.
=------------------------------------------------------------------------------=
