MPI startup(): Warning: I_MPI_PMI_LIBRARY will be ignored since the hydra process manager was found
MPI startup(): Warning: I_MPI_PMI_LIBRARY will be ignored since the hydra process manager was found
MPI startup(): Warning: I_MPI_PMI_LIBRARY will be ignored since the hydra process manager was found
MPI startup(): Warning: I_MPI_PMI_LIBRARY will be ignored since the hydra process manager was found
MPI startup(): Warning: I_MPI_PMI_LIBRARY will be ignored since the hydra process manager was found
MPI startup(): Warning: I_MPI_PMI_LIBRARY will be ignored since the hydra process manager was found
MPI startup(): Warning: I_MPI_PMI_LIBRARY will be ignored since the hydra process manager was found
MPI startup(): Warning: I_MPI_PMI_LIBRARY will be ignored since the hydra process manager was found
MPI startup(): Warning: I_MPI_PMI_LIBRARY will be ignored since the hydra process manager was found
MPI startup(): Warning: I_MPI_PMI_LIBRARY will be ignored since the hydra process manager was found
MPI startup(): Warning: I_MPI_PMI_LIBRARY will be ignored since the hydra process manager was found
MPI startup(): Warning: I_MPI_PMI_LIBRARY will be ignored since the hydra process manager was found
MPI startup(): Warning: I_MPI_PMI_LIBRARY will be ignored since the hydra process manager was found
MPI startup(): Warning: I_MPI_PMI_LIBRARY will be ignored since the hydra process manager was found
MPI startup(): Warning: I_MPI_PMI_LIBRARY will be ignored since the hydra process manager was found
MPI startup(): Warning: I_MPI_PMI_LIBRARY will be ignored since the hydra process manager was found
MPI startup(): Warning: I_MPI_PMI_LIBRARY will be ignored since the hydra process manager was found
MPI startup(): Warning: I_MPI_PMI_LIBRARY will be ignored since the hydra process manager was found
MPI startup(): Warning: I_MPI_PMI_LIBRARY will be ignored since the hydra process manager was found
MPI startup(): Warning: I_MPI_PMI_LIBRARY will be ignored since the hydra process manager was found
MPI startup(): Warning: I_MPI_PMI_LIBRARY will be ignored since the hydra process manager was found
MPI startup(): Warning: I_MPI_PMI_LIBRARY will be ignored since the hydra process manager was found
MPI startup(): Warning: I_MPI_PMI_LIBRARY will be ignored since the hydra process manager was found
MPI startup(): Warning: I_MPI_PMI_LIBRARY will be ignored since the hydra process manager was found
MPI startup(): Warning: I_MPI_PMI_LIBRARY will be ignored since the hydra process manager was found
MPI startup(): Warning: I_MPI_PMI_LIBRARY will be ignored since the hydra process manager was found
MPI startup(): Warning: I_MPI_PMI_LIBRARY will be ignored since the hydra process manager was found
MPI startup(): Warning: I_MPI_PMI_LIBRARY will be ignored since the hydra process manager was found
MPI startup(): Warning: I_MPI_PMI_LIBRARY will be ignored since the hydra process manager was found
MPI startup(): Warning: I_MPI_PMI_LIBRARY will be ignored since the hydra process manager was found
MPI startup(): Warning: I_MPI_PMI_LIBRARY will be ignored since the hydra process manager was found
MPI startup(): Warning: I_MPI_PMI_LIBRARY will be ignored since the hydra process manager was found

     Program BANDS v.6.8 starts on 12Apr2024 at 15:22:16 

     This program is part of the open-source Quantum ESPRESSO suite
     for quantum simulation of materials; please cite
         "P. Giannozzi et al., J. Phys.:Condens. Matter 21 395502 (2009);
         "P. Giannozzi et al., J. Phys.:Condens. Matter 29 465901 (2017);
         "P. Giannozzi et al., J. Chem. Phys. 152 154105 (2020);
          URL http://www.quantum-espresso.org", 
     in publications or presentations arising from this work. More details at
     http://www.quantum-espresso.org/quote

     Parallel version (MPI), running on    32 processors

     MPI processes distributed on     1 nodes
     K-points division:     npool     =       4
     R & G space division:  proc/nbgrp/npool/nimage =       8
     1398975 MiB available memory on the printing compute node when the environment starts
 

     Reading xml data from directory:

     ./tmp/C2L_AB_Efield_PBE_vdW.save/

     IMPORTANT: XC functional enforced from input :
     Exchange-correlation= PBE
                           (   1   4   3   4   0   0   0)
     Any further DFT definition will be discarded
     Please, verify this is what you really want

 
     Parallelization info
     --------------------
     sticks:   dense  smooth     PW     G-vecs:    dense   smooth      PW
     Min          45      45     13                 5519     5519     941
     Max          46      46     14                 5546     5546     968
     Sum         361     361    109                44285    44285    7663
 
     Using Slab Decomposition
 
 
     Adding external electric field
        E field amplitude [Ha a.u.]:  1.0000E-02
        Potential amp.        0.7462 Ry
        Total length         37.3083 bohr
 
     Reading collected, re-writing distributed wavefunctions
     high-symmetry point:  0.0000 0.0000 0.0000   x coordinate   0.0000
     high-symmetry point: -0.3333 0.5774 0.0000   x coordinate   0.6667
     high-symmetry point:  0.0000 0.5774 0.0000   x coordinate   1.0000
     high-symmetry point:  0.0000 0.0000 0.0000   x coordinate   1.5773

     Plottable bands (eV) written to file Bande-2-C2L_AB_Efield_PBE_vdW.dat.gnu
     Bands written to file Bande-2-C2L_AB_Efield_PBE_vdW.dat

 **************************************************************************

                    xk=(   0.00000,   0.00000,   0.00000  )

     point group C_1 (1)    
     there are  1 classes
     the character table:

       E    
A      1.00

     the symmetry operations in each class and the name of the first element:

     E        1
                                                                 

     Band symmetry, C_1 (1)     point group:

     e(  1 -  1) =    -19.30432  eV     1   --> A              
     e(  2 -  2) =    -17.91893  eV     1   --> A              
     e(  3 -  3) =     -7.55488  eV     1   --> A              
     e(  4 -  4) =     -5.80840  eV     1   --> A              
     e(  5 -  6) =     -2.81486  eV     2   -->   2 A              
     e(  7 -  8) =     -1.44669  eV     2   -->   2 A              
     e(  9 -  9) =      0.64792  eV     1   --> A              
     e( 10 - 10) =      2.16632  eV     1   --> A              
     e( 11 - 11) =      3.25482  eV     1   --> A              
     e( 12 - 12) =      5.22095  eV     1   --> A              
     e( 13 - 13) =      6.23215  eV     1   --> A              
     e( 14 - 14) =      7.87571  eV     1   --> A              
     e( 15 - 15) =      8.56883  eV     1   --> A              
     e( 16 - 16) =      8.61366  eV     1   --> A              

 **************************************************************************

 **************************************************************************

                    xk=(  -0.01587,   0.02749,   0.00000  )

     Band symmetry, C_1 (1)     point group:

     e(  1 -  1) =    -19.28639  eV     1   --> A              
     e(  2 -  2) =    -17.90103  eV     1   --> A              
     e(  3 -  3) =     -7.53310  eV     1   --> A              
     e(  4 -  4) =     -5.78721  eV     1   --> A              
     e(  5 -  5) =     -2.88937  eV     1   --> A              
     e(  6 -  6) =     -2.85451  eV     1   --> A              
     e(  7 -  7) =     -1.52114  eV     1   --> A              
     e(  8 -  8) =     -1.48631  eV     1   --> A              
     e(  9 -  9) =      0.67280  eV     1   --> A              
     e( 10 - 10) =      2.19103  eV     1   --> A              
     e( 11 - 11) =      3.27928  eV     1   --> A              
     e( 12 - 12) =      5.24515  eV     1   --> A              
     e( 13 - 13) =      6.25549  eV     1   --> A              
     e( 14 - 14) =      7.89867  eV     1   --> A              
     e( 15 - 15) =      8.58318  eV     1   --> A              
     e( 16 - 16) =      8.63536  eV     1   --> A              

 **************************************************************************

 **************************************************************************

                    xk=(  -0.03175,   0.05499,   0.00000  )

     Band symmetry, C_1 (1)     point group:

     e(  1 -  1) =    -19.23293  eV     1   --> A              
     e(  2 -  2) =    -17.84764  eV     1   --> A              
     e(  3 -  3) =     -7.46855  eV     1   --> A              
     e(  4 -  4) =     -5.72402  eV     1   --> A              
     e(  5 -  5) =     -3.10583  eV     1   --> A              
     e(  6 -  6) =     -2.97196  eV     1   --> A              
     e(  7 -  7) =     -1.73741  eV     1   --> A              
     e(  8 -  8) =     -1.60365  eV     1   --> A              
     e(  9 -  9) =      0.74744  eV     1   --> A              
     e( 10 - 10) =      2.26515  eV     1   --> A              
     e( 11 - 11) =      3.35264  eV     1   --> A              
     e( 12 - 12) =      5.31774  eV     1   --> A              
     e( 13 - 13) =      6.32548  eV     1   --> A              
     e( 14 - 14) =      7.96743  eV     1   --> A              
     e( 15 - 15) =      8.62496  eV     1   --> A              
     e( 16 - 16) =      8.69886  eV     1   --> A              

 **************************************************************************

 **************************************************************************

                    xk=(  -0.04762,   0.08248,   0.00000  )

     Band symmetry, C_1 (1)     point group:

     e(  1 -  1) =    -19.14381  eV     1   --> A              
     e(  2 -  2) =    -17.75865  eV     1   --> A              
     e(  3 -  3) =     -7.36089  eV     1   --> A              
     e(  4 -  4) =     -5.61853  eV     1   --> A              
     e(  5 -  5) =     -3.44252  eV     1   --> A              
     e(  6 -  6) =     -3.16401  eV     1   --> A              
     e(  7 -  7) =     -2.07380  eV     1   --> A              
     e(  8 -  8) =     -1.79554  eV     1   --> A              
     e(  9 -  9) =      0.87184  eV     1   --> A              
     e( 10 - 10) =      2.38868  eV     1   --> A              
     e( 11 - 11) =      3.47492  eV     1   --> A              
     e( 12 - 12) =      5.43875  eV     1   --> A              
     e( 13 - 13) =      6.44219  eV     1   --> A              
     e( 14 - 14) =      8.08181  eV     1   --> A              
     e( 15 - 15) =      8.69542  eV     1   --> A              
     e( 16 - 16) =      8.80738  eV     1   --> A              

 **************************************************************************

 **************************************************************************

                    xk=(  -0.06349,   0.10997,   0.00000  )

     Band symmetry, C_1 (1)     point group:

     e(  1 -  1) =    -19.01922  eV     1   --> A              
     e(  2 -  2) =    -17.63424  eV     1   --> A              
     e(  3 -  3) =     -7.21102  eV     1   --> A              
     e(  4 -  4) =     -5.47184  eV     1   --> A              
     e(  5 -  5) =     -3.87418  eV     1   --> A              
     e(  6 -  6) =     -3.42392  eV     1   --> A              
     e(  7 -  7) =     -2.50511  eV     1   --> A              
     e(  8 -  8) =     -2.05521  eV     1   --> A              
     e(  9 -  9) =      1.04599  eV     1   --> A              
     e( 10 - 10) =      2.56159  eV     1   --> A              
     e( 11 - 11) =      3.64605  eV     1   --> A              
     e( 12 - 12) =      5.60816  eV     1   --> A              
     e( 13 - 13) =      6.60559  eV     1   --> A              
     e( 14 - 14) =      8.24111  eV     1   --> A              
     e( 15 - 15) =      8.79781  eV     1   --> A              
     e( 16 - 16) =      8.96029  eV     1   --> A              

 **************************************************************************

 **************************************************************************

                    xk=(  -0.07936,   0.13746,   0.00000  )

     Band symmetry, C_1 (1)     point group:

     e(  1 -  1) =    -18.85926  eV     1   --> A              
     e(  2 -  2) =    -17.47452  eV     1   --> A              
     e(  3 -  3) =     -7.01881  eV     1   --> A              
     e(  4 -  4) =     -5.28370  eV     1   --> A              
     e(  5 -  5) =     -4.37488  eV     1   --> A              
     e(  6 -  6) =     -3.74509  eV     1   --> A              
     e(  7 -  7) =     -3.00541  eV     1   --> A              
     e(  8 -  8) =     -2.37605  eV     1   --> A              
     e(  9 -  9) =      1.26991  eV     1   --> A              
     e( 10 - 10) =      2.78388  eV     1   --> A              
     e( 11 - 11) =      3.86604  eV     1   --> A              
     e( 12 - 12) =      5.82598  eV     1   --> A              
     e( 13 - 13) =      6.81569  eV     1   --> A              
     e( 14 - 14) =      8.44451  eV     1   --> A              
     e( 15 - 15) =      8.93708  eV     1   --> A              
     e( 16 - 16) =      9.15732  eV     1   --> A              

 **************************************************************************

 **************************************************************************

                    xk=(  -0.09524,   0.16496,   0.00000  )

     Band symmetry, C_1 (1)     point group:

     e(  1 -  1) =    -18.66416  eV     1   --> A              
     e(  2 -  2) =    -17.27971  eV     1   --> A              
     e(  3 -  3) =     -6.78520  eV     1   --> A              
     e(  4 -  4) =     -5.05558  eV     1   --> A              
     e(  5 -  5) =     -4.92212  eV     1   --> A              
     e(  6 -  6) =     -4.11829  eV     1   --> A              
     e(  7 -  7) =     -3.55238  eV     1   --> A              
     e(  8 -  8) =     -2.74883  eV     1   --> A              
     e(  9 -  9) =      1.54358  eV     1   --> A              
     e( 10 - 10) =      3.05549  eV     1   --> A              
     e( 11 - 11) =      4.13481  eV     1   --> A              
     e( 12 - 12) =      6.09213  eV     1   --> A              
     e( 13 - 13) =      7.07229  eV     1   --> A              
     e( 14 - 14) =      8.68991  eV     1   --> A              
     e( 15 - 15) =      9.11554  eV     1   --> A              
     e( 16 - 16) =      9.39733  eV     1   --> A              

 **************************************************************************

 **************************************************************************

                    xk=(  -0.11111,   0.19245,   0.00000  )

     Band symmetry, C_1 (1)     point group:

     e(  1 -  1) =    -18.43413  eV     1   --> A              
     e(  2 -  2) =    -17.05001  eV     1   --> A              
     e(  3 -  3) =     -6.51074  eV     1   --> A              
     e(  4 -  4) =     -5.49766  eV     1   --> A              
     e(  5 -  5) =     -4.78738  eV     1   --> A              
     e(  6 -  6) =     -4.53425  eV     1   --> A              
     e(  7 -  7) =     -4.12695  eV     1   --> A              
     e(  8 -  8) =     -3.16431  eV     1   --> A              
     e(  9 -  9) =      1.86701  eV     1   --> A              
     e( 10 - 10) =      3.37637  eV     1   --> A              
     e( 11 - 11) =      4.45226  eV     1   --> A              
     e( 12 - 12) =      6.40653  eV     1   --> A              
     e( 13 - 13) =      7.37511  eV     1   --> A              
     e( 14 - 14) =      8.96328  eV     1   --> A              
     e( 15 - 15) =      8.98284  eV     1   --> A              
     e( 16 - 16) =      9.33779  eV     1   --> A              

 **************************************************************************

 **************************************************************************

                    xk=(  -0.12698,   0.21994,   0.00000  )

     Band symmetry, C_1 (1)     point group:

     e(  1 -  1) =    -18.16954  eV     1   --> A              
     e(  2 -  2) =    -16.78581  eV     1   --> A              
     e(  3 -  3) =     -6.19620  eV     1   --> A              
     e(  4 -  4) =     -6.08686  eV     1   --> A              
     e(  5 -  5) =     -4.98428  eV     1   --> A              
     e(  6 -  6) =     -4.71537  eV     1   --> A              
     e(  7 -  7) =     -4.48015  eV     1   --> A              
     e(  8 -  8) =     -3.61307  eV     1   --> A              
     e(  9 -  9) =      2.24020  eV     1   --> A              
     e( 10 - 10) =      3.74646  eV     1   --> A              
     e( 11 - 11) =      4.81829  eV     1   --> A              
     e( 12 - 12) =      6.76899  eV     1   --> A              
     e( 13 - 13) =      7.72356  eV     1   --> A              
     e( 14 - 14) =      8.31374  eV     1   --> A              
     e( 15 - 15) =      9.28462  eV     1   --> A              
     e( 16 - 16) =      9.57694  eV     1   --> A              

 **************************************************************************

 **************************************************************************

                    xk=(  -0.14286,   0.24744,   0.00000  )

     Band symmetry, C_1 (1)     point group:

     e(  1 -  1) =    -17.87111  eV     1   --> A              
     e(  2 -  2) =    -16.48782  eV     1   --> A              
     e(  3 -  3) =     -6.67950  eV     1   --> A              
     e(  4 -  4) =     -5.84409  eV     1   --> A              
     e(  5 -  5) =     -5.45911  eV     1   --> A              
     e(  6 -  6) =     -5.30610  eV     1   --> A              
     e(  7 -  7) =     -4.14283  eV     1   --> A              
     e(  8 -  8) =     -4.08036  eV     1   --> A              
     e(  9 -  9) =      2.66314  eV     1   --> A              
     e( 10 - 10) =      4.16563  eV     1   --> A              
     e( 11 - 11) =      5.23265  eV     1   --> A              
     e( 12 - 12) =      7.17920  eV     1   --> A              
     e( 13 - 13) =      7.62658  eV     1   --> A              
     e( 14 - 14) =      8.11732  eV     1   --> A              
     e( 15 - 15) =      9.01239  eV     1   --> A              
     e( 16 - 16) =      9.64719  eV     1   --> A              

 **************************************************************************

 **************************************************************************

                    xk=(  -0.15873,   0.27493,   0.00000  )

     Band symmetry, C_1 (1)     point group:

     e(  1 -  1) =    -17.53890  eV     1   --> A              
     e(  2 -  2) =    -16.15606  eV     1   --> A              
     e(  3 -  3) =     -7.26752  eV     1   --> A              
     e(  4 -  4) =     -5.95563  eV     1   --> A              
     e(  5 -  5) =     -5.88968  eV     1   --> A              
     e(  6 -  6) =     -5.45134  eV     1   --> A              
     e(  7 -  7) =     -4.57765  eV     1   --> A              
     e(  8 -  8) =     -3.75523  eV     1   --> A              
     e(  9 -  9) =      3.13584  eV     1   --> A              
     e( 10 - 10) =      4.63374  eV     1   --> A              
     e( 11 - 11) =      5.69512  eV     1   --> A              
     e( 12 - 12) =      6.92340  eV     1   --> A              
     e( 13 - 13) =      7.63663  eV     1   --> A              
     e( 14 - 14) =      8.32145  eV     1   --> A              
     e( 15 - 15) =      8.55454  eV     1   --> A              
     e( 16 - 16) =     10.00608  eV     1   --> A              

 **************************************************************************

 **************************************************************************

                    xk=(  -0.17460,   0.30242,   0.00000  )

     Band symmetry, C_1 (1)     point group:

     e(  1 -  1) =    -17.17388  eV     1   --> A              
     e(  2 -  2) =    -15.79155  eV     1   --> A              
     e(  3 -  3) =     -7.84472  eV     1   --> A              
     e(  4 -  4) =     -6.48662  eV     1   --> A              
     e(  5 -  5) =     -6.43363  eV     1   --> A              
     e(  6 -  6) =     -5.07598  eV     1   --> A              
     e(  7 -  7) =     -5.02617  eV     1   --> A              
     e(  8 -  8) =     -3.34196  eV     1   --> A              
     e(  9 -  9) =      3.65830  eV     1   --> A              
     e( 10 - 10) =      5.15056  eV     1   --> A              
     e( 11 - 11) =      6.20504  eV     1   --> A              
     e( 12 - 12) =      6.21530  eV     1   --> A              
     e( 13 - 13) =      7.61871  eV     1   --> A              
     e( 14 - 14) =      8.14227  eV     1   --> A              
     e( 15 - 15) =      9.03242  eV     1   --> A              
     e( 16 - 16) =     10.38677  eV     1   --> A              

 **************************************************************************

 **************************************************************************

                    xk=(  -0.19047,   0.32992,   0.00000  )

     Band symmetry, C_1 (1)     point group:

     e(  1 -  1) =    -16.77670  eV     1   --> A              
     e(  2 -  2) =    -15.39492  eV     1   --> A              
     e(  3 -  3) =     -8.40687  eV     1   --> A              
     e(  4 -  4) =     -7.04183  eV     1   --> A              
     e(  5 -  5) =     -6.94069  eV     1   --> A              
     e(  6 -  6) =     -5.57593  eV     1   --> A              
     e(  7 -  7) =     -4.56746  eV     1   --> A              
     e(  8 -  8) =     -2.89725  eV     1   --> A              
     e(  9 -  9) =      4.23051  eV     1   --> A              
     e( 10 - 10) =      5.51042  eV     1   --> A              
     e( 11 - 11) =      5.71568  eV     1   --> A              
     e( 12 - 12) =      6.75981  eV     1   --> A              
     e( 13 - 13) =      6.92207  eV     1   --> A              
     e( 14 - 14) =      8.69244  eV     1   --> A              
     e( 15 - 15) =      9.54792  eV     1   --> A              
     e( 16 - 16) =     10.78707  eV     1   --> A              

 **************************************************************************

 **************************************************************************

                    xk=(  -0.20635,   0.35741,   0.00000  )

     Band symmetry, C_1 (1)     point group:

     e(  1 -  1) =    -16.34866  eV     1   --> A              
     e(  2 -  2) =    -14.96745  eV     1   --> A              
     e(  3 -  3) =     -8.94979  eV     1   --> A              
     e(  4 -  4) =     -7.58301  eV     1   --> A              
     e(  5 -  5) =     -7.43779  eV     1   --> A              
     e(  6 -  6) =     -6.07126  eV     1   --> A              
     e(  7 -  7) =     -4.07847  eV     1   --> A              
     e(  8 -  8) =     -2.42487  eV     1   --> A              
     e(  9 -  9) =      4.81688  eV     1   --> A              
     e( 10 - 10) =      4.85247  eV     1   --> A              
     e( 11 - 11) =      6.22537  eV     1   --> A              
     e( 12 - 12) =      6.33237  eV     1   --> A              
     e( 13 - 13) =      7.36721  eV     1   --> A              
     e( 14 - 14) =      9.28753  eV     1   --> A              
     e( 15 - 15) =     10.09273  eV     1   --> A              
     e( 16 - 16) =     11.20371  eV     1   --> A              

 **************************************************************************

 **************************************************************************

                    xk=(  -0.22222,   0.38490,   0.00000  )

     Band symmetry, C_1 (1)     point group:

     e(  1 -  1) =    -15.89126  eV     1   --> A              
     e(  2 -  2) =    -14.51065  eV     1   --> A              
     e(  3 -  3) =     -9.47135  eV     1   --> A              
     e(  4 -  4) =     -8.10384  eV     1   --> A              
     e(  5 -  5) =     -7.92343  eV     1   --> A              
     e(  6 -  6) =     -6.55614  eV     1   --> A              
     e(  7 -  7) =     -3.56312  eV     1   --> A              
     e(  8 -  8) =     -1.92880  eV     1   --> A              
     e(  9 -  9) =      4.14014  eV     1   --> A              
     e( 10 - 10) =      5.52411  eV     1   --> A              
     e( 11 - 11) =      5.55558  eV     1   --> A              
     e( 12 - 12) =      6.98948  eV     1   --> A              
     e( 13 - 13) =      8.01556  eV     1   --> A              
     e( 14 - 14) =      9.92481  eV     1   --> A              
     e( 15 - 15) =     10.64862  eV     1   --> A              
     e( 16 - 16) =     11.62701  eV     1   --> A              

 **************************************************************************

 **************************************************************************

                    xk=(  -0.23809,   0.41239,   0.00000  )

     Band symmetry, C_1 (1)     point group:

     e(  1 -  1) =    -15.40648  eV     1   --> A              
     e(  2 -  2) =    -14.02651  eV     1   --> A              
     e(  3 -  3) =     -9.96910  eV     1   --> A              
     e(  4 -  4) =     -8.60115  eV     1   --> A              
     e(  5 -  5) =     -8.39250  eV     1   --> A              
     e(  6 -  6) =     -7.02474  eV     1   --> A              
     e(  7 -  7) =     -3.02589  eV     1   --> A              
     e(  8 -  8) =     -1.41341  eV     1   --> A              
     e(  9 -  9) =      3.48494  eV     1   --> A              
     e( 10 - 10) =      4.90353  eV     1   --> A              
     e( 11 - 11) =      6.24565  eV     1   --> A              
     e( 12 - 12) =      7.69488  eV     1   --> A              
     e( 13 - 13) =      8.70631  eV     1   --> A              
     e( 14 - 14) =     10.59902  eV     1   --> A              
     e( 15 - 15) =     11.16606  eV     1   --> A              
     e( 16 - 16) =     12.03352  eV     1   --> A              

 **************************************************************************

 **************************************************************************

                    xk=(  -0.25397,   0.43989,   0.00000  )

     Band symmetry, C_1 (1)     point group:

     e(  1 -  1) =    -14.89763  eV     1   --> A              
     e(  2 -  2) =    -13.51837  eV     1   --> A              
     e(  3 -  3) =    -10.44168  eV     1   --> A              
     e(  4 -  4) =     -9.07341  eV     1   --> A              
     e(  5 -  5) =     -8.84040  eV     1   --> A              
     e(  6 -  6) =     -7.47229  eV     1   --> A              
     e(  7 -  7) =     -2.47389  eV     1   --> A              
     e(  8 -  8) =     -0.88638  eV     1   --> A              
     e(  9 -  9) =      2.85641  eV     1   --> A              
     e( 10 - 10) =      4.27778  eV     1   --> A              
     e( 11 - 11) =      7.01684  eV     1   --> A              
     e( 12 - 12) =      8.44218  eV     1   --> A              
     e( 13 - 13) =      9.43356  eV     1   --> A              
     e( 14 - 14) =     11.29196  eV     1   --> A              
     e( 15 - 15) =     11.52395  eV     1   --> A              
     e( 16 - 16) =     12.37775  eV     1   --> A              

 **************************************************************************

 **************************************************************************

                    xk=(  -0.26984,   0.46738,   0.00000  )

     Band symmetry, C_1 (1)     point group:

     e(  1 -  1) =    -14.36928  eV     1   --> A              
     e(  2 -  2) =    -12.99079  eV     1   --> A              
     e(  3 -  3) =    -10.88763  eV     1   --> A              
     e(  4 -  4) =     -9.51903  eV     1   --> A              
     e(  5 -  5) =     -9.26069  eV     1   --> A              
     e(  6 -  6) =     -7.89223  eV     1   --> A              
     e(  7 -  7) =     -1.91364  eV     1   --> A              
     e(  8 -  8) =     -0.35504  eV     1   --> A              
     e(  9 -  9) =      2.25845  eV     1   --> A              
     e( 10 - 10) =      3.68184  eV     1   --> A              
     e( 11 - 11) =      7.83775  eV     1   --> A              
     e( 12 - 12) =      9.22213  eV     1   --> A              
     e( 13 - 13) =     10.18167  eV     1   --> A              
     e( 14 - 14) =     11.58317  eV     1   --> A              
     e( 15 - 15) =     11.99067  eV     1   --> A              
     e( 16 - 16) =     12.59345  eV     1   --> A              

 **************************************************************************

 **************************************************************************

                    xk=(  -0.28571,   0.49487,   0.00000  )

     Band symmetry, C_1 (1)     point group:

     e(  1 -  1) =    -13.82961  eV     1   --> A              
     e(  2 -  2) =    -12.45209  eV     1   --> A              
     e(  3 -  3) =    -11.30648  eV     1   --> A              
     e(  4 -  4) =     -9.93738  eV     1   --> A              
     e(  5 -  5) =     -9.64426  eV     1   --> A              
     e(  6 -  6) =     -8.27529  eV     1   --> A              
     e(  7 -  7) =     -1.35536  eV     1   --> A              
     e(  8 -  8) =      0.16925  eV     1   --> A              
     e(  9 -  9) =      1.69488  eV     1   --> A              
     e( 10 - 10) =      3.11774  eV     1   --> A              
     e( 11 - 11) =      8.70832  eV     1   --> A              
     e( 12 - 12) =     10.00076  eV     1   --> A              
     e( 13 - 13) =     10.88499  eV     1   --> A              
     e( 14 - 14) =     11.58837  eV     1   --> A              
     e( 15 - 15) =     12.34365  eV     1   --> A              
     e( 16 - 16) =     12.93081  eV     1   --> A              

 **************************************************************************

 **************************************************************************

                    xk=(  -0.30158,   0.52237,   0.00000  )

     Band symmetry, C_1 (1)     point group:

     e(  1 -  1) =    -13.29376  eV     1   --> A              
     e(  2 -  2) =    -11.91816  eV     1   --> A              
     e(  3 -  3) =    -11.69604  eV     1   --> A              
     e(  4 -  4) =    -10.32692  eV     1   --> A              
     e(  5 -  5) =     -9.97607  eV     1   --> A              
     e(  6 -  6) =     -8.60643  eV     1   --> A              
     e(  7 -  7) =     -0.81122  eV     1   --> A              
     e(  8 -  8) =      0.65830  eV     1   --> A              
     e(  9 -  9) =      1.18647  eV     1   --> A              
     e( 10 - 10) =      2.58946  eV     1   --> A              
     e( 11 - 11) =      9.62832  eV     1   --> A              
     e( 12 - 12) =     10.59831  eV     1   --> A              
     e( 13 - 13) =     11.37129  eV     1   --> A              
     e( 14 - 14) =     11.88737  eV     1   --> A              
     e( 15 - 15) =     12.44005  eV     1   --> A              
     e( 16 - 16) =     12.76392  eV     1   --> A              

 **************************************************************************

 **************************************************************************

                    xk=(  -0.31746,   0.54986,   0.00000  )

     Band symmetry, C_1 (1)     point group:

     e(  1 -  1) =    -12.79295  eV     1   --> A              
     e(  2 -  2) =    -12.05959  eV     1   --> A              
     e(  3 -  3) =    -11.41727  eV     1   --> A              
     e(  4 -  4) =    -10.68767  eV     1   --> A              
     e(  5 -  5) =    -10.22603  eV     1   --> A              
     e(  6 -  6) =     -8.85567  eV     1   --> A              
     e(  7 -  7) =     -0.29676  eV     1   --> A              
     e(  8 -  8) =      0.61763  eV     1   --> A              
     e(  9 -  9) =      1.21568  eV     1   --> A              
     e( 10 - 10) =      2.10063  eV     1   --> A              
     e( 11 - 11) =     10.59180  eV     1   --> A              
     e( 12 - 12) =     10.74507  eV     1   --> A              
     e( 13 - 13) =     11.84774  eV     1   --> A              
     e( 14 - 14) =     12.16414  eV     1   --> A              
     e( 15 - 15) =     12.16916  eV     1   --> A              
     e( 16 - 16) =     12.24979  eV     1   --> A              

 **************************************************************************

 **************************************************************************

                    xk=(  -0.33333,   0.57735,   0.00000  )

     Band symmetry, C_1 (1)     point group:

     e(  1 -  1) =    -12.39835  eV     1   --> A              
     e(  2 -  2) =    -12.38628  eV     1   --> A              
     e(  3 -  3) =    -11.02304  eV     1   --> A              
     e(  4 -  4) =    -11.01448  eV     1   --> A              
     e(  5 -  5) =    -10.33020  eV     1   --> A              
     e(  6 -  6) =     -8.95958  eV     1   --> A              
     e(  7 -  7) =      0.12478  eV     1   --> A              
     e(  8 -  8) =      0.22235  eV     1   --> A              
     e(  9 -  9) =      1.58885  eV     1   --> A              
     e( 10 - 10) =      1.71126  eV     1   --> A              
     e( 11 - 11) =     10.73012  eV     1   --> A              
     e( 12 - 12) =     11.61750  eV     1   --> A              
     e( 13 - 13) =     11.61936  eV     1   --> A              
     e( 14 - 14) =     11.62339  eV     1   --> A              
     e( 15 - 15) =     11.92106  eV     1   --> A              
     e( 16 - 16) =     12.72300  eV     1   --> A              

 **************************************************************************

 **************************************************************************

                    xk=(  -0.30303,   0.57735,   0.00000  )

     Band symmetry, C_1 (1)     point group:

     e(  1 -  1) =    -12.68239  eV     1   --> A              
     e(  2 -  2) =    -12.18904  eV     1   --> A              
     e(  3 -  3) =    -11.30690  eV     1   --> A              
     e(  4 -  4) =    -10.81585  eV     1   --> A              
     e(  5 -  5) =    -10.21238  eV     1   --> A              
     e(  6 -  6) =     -8.84114  eV     1   --> A              
     e(  7 -  7) =     -0.22960  eV     1   --> A              
     e(  8 -  8) =      0.54471  eV     1   --> A              
     e(  9 -  9) =      1.28231  eV     1   --> A              
     e( 10 - 10) =      2.03443  eV     1   --> A              
     e( 11 - 11) =     10.74993  eV     1   --> A              
     e( 12 - 12) =     11.14290  eV     1   --> A              
     e( 13 - 13) =     11.14901  eV     1   --> A              
     e( 14 - 14) =     11.90771  eV     1   --> A              
     e( 15 - 15) =     12.49417  eV     1   --> A              
     e( 16 - 16) =     12.64103  eV     1   --> A              

 **************************************************************************

 **************************************************************************

                    xk=(  -0.27272,   0.57735,   0.00000  )

     Band symmetry, C_1 (1)     point group:

     e(  1 -  1) =    -12.94529  eV     1   --> A              
     e(  2 -  2) =    -12.17624  eV     1   --> A              
     e(  3 -  3) =    -11.56794  eV     1   --> A              
     e(  4 -  4) =    -10.80067  eV     1   --> A              
     e(  5 -  5) =     -9.87222  eV     1   --> A              
     e(  6 -  6) =     -8.49950  eV     1   --> A              
     e(  7 -  7) =     -0.59491  eV     1   --> A              
     e(  8 -  8) =      0.67293  eV     1   --> A              
     e(  9 -  9) =      1.13608  eV     1   --> A              
     e( 10 - 10) =      2.36192  eV     1   --> A              
     e( 11 - 11) =     10.69732  eV     1   --> A              
     e( 12 - 12) =     10.71240  eV     1   --> A              
     e( 13 - 13) =     10.83993  eV     1   --> A              
     e( 14 - 14) =     11.82736  eV     1   --> A              
     e( 15 - 15) =     12.21964  eV     1   --> A              
     e( 16 - 16) =     12.43277  eV     1   --> A              

 **************************************************************************

 **************************************************************************

                    xk=(  -0.24242,   0.57735,   0.00000  )

     Band symmetry, C_1 (1)     point group:

     e(  1 -  1) =    -13.18122  eV     1   --> A              
     e(  2 -  2) =    -12.27518  eV     1   --> A              
     e(  3 -  3) =    -11.80224  eV     1   --> A              
     e(  4 -  4) =    -10.89736  eV     1   --> A              
     e(  5 -  5) =     -9.39209  eV     1   --> A              
     e(  6 -  6) =     -8.01889  eV     1   --> A              
     e(  7 -  7) =     -0.92454  eV     1   --> A              
     e(  8 -  8) =      0.45079  eV     1   --> A              
     e(  9 -  9) =      1.31238  eV     1   --> A              
     e( 10 - 10) =      2.63631  eV     1   --> A              
     e( 11 - 11) =     10.32466  eV     1   --> A              
     e( 12 - 12) =     10.32716  eV     1   --> A              
     e( 13 - 13) =     10.91368  eV     1   --> A              
     e( 14 - 14) =     11.60049  eV     1   --> A              
     e( 15 - 15) =     11.95089  eV     1   --> A              
     e( 16 - 16) =     12.12840  eV     1   --> A              

 **************************************************************************

 **************************************************************************

                    xk=(  -0.21212,   0.57735,   0.00000  )

     Band symmetry, C_1 (1)     point group:

     e(  1 -  1) =    -13.38949  eV     1   --> A              
     e(  2 -  2) =    -12.41550  eV     1   --> A              
     e(  3 -  3) =    -12.00921  eV     1   --> A              
     e(  4 -  4) =    -11.03607  eV     1   --> A              
     e(  5 -  5) =     -8.85053  eV     1   --> A              
     e(  6 -  6) =     -7.47757  eV     1   --> A              
     e(  7 -  7) =     -1.21766  eV     1   --> A              
     e(  8 -  8) =      0.18187  eV     1   --> A              
     e(  9 -  9) =      1.50736  eV     1   --> A              
     e( 10 - 10) =      2.85511  eV     1   --> A              
     e( 11 - 11) =      9.98612  eV     1   --> A              
     e( 12 - 12) =      9.98723  eV     1   --> A              
     e( 13 - 13) =     10.94739  eV     1   --> A              
     e( 14 - 14) =     11.29244  eV     1   --> A              
     e( 15 - 15) =     11.36335  eV     1   --> A              
     e( 16 - 16) =     11.90011  eV     1   --> A              

 **************************************************************************

 **************************************************************************

                    xk=(  -0.18182,   0.57735,   0.00000  )

     Band symmetry, C_1 (1)     point group:

     e(  1 -  1) =    -13.57036  eV     1   --> A              
     e(  2 -  2) =    -12.56146  eV     1   --> A              
     e(  3 -  3) =    -12.18913  eV     1   --> A              
     e(  4 -  4) =    -11.18091  eV     1   --> A              
     e(  5 -  5) =     -8.29375  eV     1   --> A              
     e(  6 -  6) =     -6.92127  eV     1   --> A              
     e(  7 -  7) =     -1.47290  eV     1   --> A              
     e(  8 -  8) =     -0.06353  eV     1   --> A              
     e(  9 -  9) =      1.65882  eV     1   --> A              
     e( 10 - 10) =      3.02266  eV     1   --> A              
     e( 11 - 11) =      9.69196  eV     1   --> A              
     e( 12 - 12) =      9.69264  eV     1   --> A              
     e( 13 - 13) =     10.54675  eV     1   --> A              
     e( 14 - 14) =     10.88031  eV     1   --> A              
     e( 15 - 15) =     11.06190  eV     1   --> A              
     e( 16 - 16) =     11.75079  eV     1   --> A              

 **************************************************************************

 **************************************************************************

                    xk=(  -0.15151,   0.57735,   0.00000  )

     Band symmetry, C_1 (1)     point group:

     e(  1 -  1) =    -13.72329  eV     1   --> A              
     e(  2 -  2) =    -12.69647  eV     1   --> A              
     e(  3 -  3) =    -12.34137  eV     1   --> A              
     e(  4 -  4) =    -11.31514  eV     1   --> A              
     e(  5 -  5) =     -7.75300  eV     1   --> A              
     e(  6 -  6) =     -6.38110  eV     1   --> A              
     e(  7 -  7) =     -1.68876  eV     1   --> A              
     e(  8 -  8) =     -0.27416  eV     1   --> A              
     e(  9 -  9) =      1.76676  eV     1   --> A              
     e( 10 - 10) =      3.14567  eV     1   --> A              
     e( 11 - 11) =      9.44285  eV     1   --> A              
     e( 12 - 12) =      9.44338  eV     1   --> A              
     e( 13 - 13) =      9.77549  eV     1   --> A              
     e( 14 - 14) =     10.74511  eV     1   --> A              
     e( 15 - 15) =     10.82931  eV     1   --> A              
     e( 16 - 16) =     11.17708  eV     1   --> A              

 **************************************************************************

 **************************************************************************

                    xk=(  -0.12121,   0.57735,   0.00000  )

     Band symmetry, C_1 (1)     point group:

     e(  1 -  1) =    -13.84855  eV     1   --> A              
     e(  2 -  2) =    -12.81276  eV     1   --> A              
     e(  3 -  3) =    -12.46612  eV     1   --> A              
     e(  4 -  4) =    -11.43086  eV     1   --> A              
     e(  5 -  5) =     -7.25483  eV     1   --> A              
     e(  6 -  6) =     -5.88351  eV     1   --> A              
     e(  7 -  7) =     -1.86631  eV     1   --> A              
     e(  8 -  8) =     -0.44852  eV     1   --> A              
     e(  9 -  9) =      1.83841  eV     1   --> A              
     e( 10 - 10) =      3.23122  eV     1   --> A              
     e( 11 - 11) =      9.07085  eV     1   --> A              
     e( 12 - 12) =      9.23895  eV     1   --> A              
     e( 13 - 13) =      9.23946  eV     1   --> A              
     e( 14 - 14) =     10.45591  eV     1   --> A              
     e( 15 - 15) =     10.62150  eV     1   --> A              
     e( 16 - 16) =     10.63668  eV     1   --> A              

 **************************************************************************

 **************************************************************************

                    xk=(  -0.09091,   0.57735,   0.00000  )

     Band symmetry, C_1 (1)     point group:

     e(  1 -  1) =    -13.94613  eV     1   --> A              
     e(  2 -  2) =    -12.90610  eV     1   --> A              
     e(  3 -  3) =    -12.56337  eV     1   --> A              
     e(  4 -  4) =    -11.52384  eV     1   --> A              
     e(  5 -  5) =     -6.82612  eV     1   --> A              
     e(  6 -  6) =     -5.45535  eV     1   --> A              
     e(  7 -  7) =     -2.00513  eV     1   --> A              
     e(  8 -  8) =     -0.58533  eV     1   --> A              
     e(  9 -  9) =      1.88330  eV     1   --> A              
     e( 10 - 10) =      3.28766  eV     1   --> A              
     e( 11 - 11) =      8.47301  eV     1   --> A              
     e( 12 - 12) =      9.08033  eV     1   --> A              
     e( 13 - 13) =      9.08084  eV     1   --> A              
     e( 14 - 14) =      9.86763  eV     1   --> A              
     e( 15 - 15) =     10.48357  eV     1   --> A              
     e( 16 - 16) =     10.48808  eV     1   --> A              

 **************************************************************************

 **************************************************************************

                    xk=(  -0.06061,   0.57735,   0.00000  )

     Band symmetry, C_1 (1)     point group:

     e(  1 -  1) =    -14.01586  eV     1   --> A              
     e(  2 -  2) =    -12.97433  eV     1   --> A              
     e(  3 -  3) =    -12.63288  eV     1   --> A              
     e(  4 -  4) =    -11.59184  eV     1   --> A              
     e(  5 -  5) =     -6.49299  eV     1   --> A              
     e(  6 -  6) =     -5.12266  eV     1   --> A              
     e(  7 -  7) =     -2.10421  eV     1   --> A              
     e(  8 -  8) =     -0.68312  eV     1   --> A              
     e(  9 -  9) =      1.90937  eV     1   --> A              
     e( 10 - 10) =      3.32251  eV     1   --> A              
     e( 11 - 11) =      8.01529  eV     1   --> A              
     e( 12 - 12) =      8.96702  eV     1   --> A              
     e( 13 - 13) =      8.96755  eV     1   --> A              
     e( 14 - 14) =      9.41033  eV     1   --> A              
     e( 15 - 15) =     10.37648  eV     1   --> A              
     e( 16 - 16) =     10.39143  eV     1   --> A              

 **************************************************************************

 **************************************************************************

                    xk=(  -0.03030,   0.57735,   0.00000  )

     Band symmetry, C_1 (1)     point group:

     e(  1 -  1) =    -14.05756  eV     1   --> A              
     e(  2 -  2) =    -13.01546  eV     1   --> A              
     e(  3 -  3) =    -12.67447  eV     1   --> A              
     e(  4 -  4) =    -11.63284  eV     1   --> A              
     e(  5 -  5) =     -6.28075  eV     1   --> A              
     e(  6 -  6) =     -4.91070  eV     1   --> A              
     e(  7 -  7) =     -2.16332  eV     1   --> A              
     e(  8 -  8) =     -0.74154  eV     1   --> A              
     e(  9 -  9) =      1.92308  eV     1   --> A              
     e( 10 - 10) =      3.34145  eV     1   --> A              
     e( 11 - 11) =      7.72702  eV     1   --> A              
     e( 12 - 12) =      8.89903  eV     1   --> A              
     e( 13 - 13) =      8.89957  eV     1   --> A              
     e( 14 - 14) =      9.12206  eV     1   --> A              
     e( 15 - 15) =     10.31133  eV     1   --> A              
     e( 16 - 16) =     10.33305  eV     1   --> A              

 **************************************************************************

 **************************************************************************

                    xk=(   0.00000,   0.57735,   0.00000  )

     Band symmetry, C_1 (1)     point group:

     e(  1 -  1) =    -14.07156  eV     1   --> A              
     e(  2 -  2) =    -13.02940  eV     1   --> A              
     e(  3 -  3) =    -12.68843  eV     1   --> A              
     e(  4 -  4) =    -11.64674  eV     1   --> A              
     e(  5 -  5) =     -6.20775  eV     1   --> A              
     e(  6 -  6) =     -4.83781  eV     1   --> A              
     e(  7 -  7) =     -2.18336  eV     1   --> A              
     e(  8 -  8) =     -0.76135  eV     1   --> A              
     e(  9 -  9) =      1.92688  eV     1   --> A              
     e( 10 - 10) =      3.34713  eV     1   --> A              
     e( 11 - 11) =      7.62832  eV     1   --> A              
     e( 12 - 12) =      8.87636  eV     1   --> A              
     e( 13 - 13) =      8.87690  eV     1   --> A              
     e( 14 - 14) =      9.02337  eV     1   --> A              
     e( 15 - 15) =     10.28955  eV     1   --> A              
     e( 16 - 16) =     10.31340  eV     1   --> A              

 **************************************************************************

 **************************************************************************

                    xk=(   0.00000,   0.54528,   0.00000  )

     Band symmetry, C_1 (1)     point group:

     e(  1 -  1) =    -14.34003  eV     1   --> A              
     e(  2 -  2) =    -12.96666  eV     1   --> A              
     e(  3 -  3) =    -12.72324  eV     1   --> A              
     e(  4 -  4) =    -11.35121  eV     1   --> A              
     e(  5 -  5) =     -6.18932  eV     1   --> A              
     e(  6 -  6) =     -4.81938  eV     1   --> A              
     e(  7 -  7) =     -2.30912  eV     1   --> A              
     e(  8 -  8) =     -0.85457  eV     1   --> A              
     e(  9 -  9) =      2.05498  eV     1   --> A              
     e( 10 - 10) =      3.49445  eV     1   --> A              
     e( 11 - 11) =      7.63796  eV     1   --> A              
     e( 12 - 12) =      7.98777  eV     1   --> A              
     e( 13 - 13) =      9.03261  eV     1   --> A              
     e( 14 - 14) =      9.43209  eV     1   --> A              
     e( 15 - 15) =      9.81629  eV     1   --> A              
     e( 16 - 16) =     10.43053  eV     1   --> A              

 **************************************************************************

 **************************************************************************

                    xk=(   0.00000,   0.51320,   0.00000  )

     Band symmetry, C_1 (1)     point group:

     e(  1 -  1) =    -14.82399  eV     1   --> A              
     e(  2 -  2) =    -13.44531  eV     1   --> A              
     e(  3 -  3) =    -12.16266  eV     1   --> A              
     e(  4 -  4) =    -10.78659  eV     1   --> A              
     e(  5 -  5) =     -6.13489  eV     1   --> A              
     e(  6 -  6) =     -4.76497  eV     1   --> A              
     e(  7 -  7) =     -2.63605  eV     1   --> A              
     e(  8 -  8) =     -1.11861  eV     1   --> A              
     e(  9 -  9) =      2.41813  eV     1   --> A              
     e( 10 - 10) =      3.88922  eV     1   --> A              
     e( 11 - 11) =      7.14968  eV     1   --> A              
     e( 12 - 12) =      7.66639  eV     1   --> A              
     e( 13 - 13) =      8.60866  eV     1   --> A              
     e( 14 - 14) =      9.06101  eV     1   --> A              
     e( 15 - 15) =      9.62180  eV     1   --> A              
     e( 16 - 16) =     10.80670  eV     1   --> A              

 **************************************************************************

 **************************************************************************

                    xk=(   0.00000,   0.48113,   0.00000  )

     Band symmetry, C_1 (1)     point group:

     e(  1 -  1) =    -15.32975  eV     1   --> A              
     e(  2 -  2) =    -13.95002  eV     1   --> A              
     e(  3 -  3) =    -11.52238  eV     1   --> A              
     e(  4 -  4) =    -10.14661  eV     1   --> A              
     e(  5 -  5) =     -6.04456  eV     1   --> A              
     e(  6 -  6) =     -4.67466  eV     1   --> A              
     e(  7 -  7) =     -3.07263  eV     1   --> A              
     e(  8 -  8) =     -1.50058  eV     1   --> A              
     e(  9 -  9) =      2.95725  eV     1   --> A              
     e( 10 - 10) =      4.44612  eV     1   --> A              
     e( 11 - 11) =      6.36239  eV     1   --> A              
     e( 12 - 12) =      7.70900  eV     1   --> A              
     e( 13 - 13) =      7.83791  eV     1   --> A              
     e( 14 - 14) =      8.85912  eV     1   --> A              
     e( 15 - 15) =      9.10680  eV     1   --> A              
     e( 16 - 16) =     10.75455  eV     1   --> A              

 **************************************************************************

 **************************************************************************

                    xk=(   0.00000,   0.44905,   0.00000  )

     Band symmetry, C_1 (1)     point group:

     e(  1 -  1) =    -15.82083  eV     1   --> A              
     e(  2 -  2) =    -14.44035  eV     1   --> A              
     e(  3 -  3) =    -10.84472  eV     1   --> A              
     e(  4 -  4) =     -9.46951  eV     1   --> A              
     e(  5 -  5) =     -5.91916  eV     1   --> A              
     e(  6 -  6) =     -4.54930  eV     1   --> A              
     e(  7 -  7) =     -3.55471  eV     1   --> A              
     e(  8 -  8) =     -1.94274  eV     1   --> A              
     e(  9 -  9) =      3.60809  eV     1   --> A              
     e( 10 - 10) =      5.10001  eV     1   --> A              
     e( 11 - 11) =      5.62590  eV     1   --> A              
     e( 12 - 12) =      7.10612  eV     1   --> A              
     e( 13 - 13) =      7.77376  eV     1   --> A              
     e( 14 - 14) =      8.14905  eV     1   --> A              
     e( 15 - 15) =      9.16620  eV     1   --> A              
     e( 16 - 16) =     10.05504  eV     1   --> A              

 **************************************************************************

 **************************************************************************

                    xk=(   0.00000,   0.41698,   0.00000  )

     Band symmetry, C_1 (1)     point group:

     e(  1 -  1) =    -16.28699  eV     1   --> A              
     e(  2 -  2) =    -14.90583  eV     1   --> A              
     e(  3 -  3) =    -10.14232  eV     1   --> A              
     e(  4 -  4) =     -8.76775  eV     1   --> A              
     e(  5 -  5) =     -5.76046  eV     1   --> A              
     e(  6 -  6) =     -4.39066  eV     1   --> A              
     e(  7 -  7) =     -4.04622  eV     1   --> A              
     e(  8 -  8) =     -2.40529  eV     1   --> A              
     e(  9 -  9) =      4.32433  eV     1   --> A              
     e( 10 - 10) =      4.94030  eV     1   --> A              
     e( 11 - 11) =      5.81016  eV     1   --> A              
     e( 12 - 12) =      6.43177  eV     1   --> A              
     e( 13 - 13) =      7.46580  eV     1   --> A              
     e( 14 - 14) =      7.86897  eV     1   --> A              
     e( 15 - 15) =      9.22766  eV     1   --> A              
     e( 16 - 16) =      9.40911  eV     1   --> A              

 **************************************************************************

 **************************************************************************

                    xk=(   0.00000,   0.38490,   0.00000  )

     Band symmetry, C_1 (1)     point group:

     e(  1 -  1) =    -16.72379  eV     1   --> A              
     e(  2 -  2) =    -15.34205  eV     1   --> A              
     e(  3 -  3) =     -9.42216  eV     1   --> A              
     e(  4 -  4) =     -8.04826  eV     1   --> A              
     e(  5 -  5) =     -5.56972  eV     1   --> A              
     e(  6 -  6) =     -4.52699  eV     1   --> A              
     e(  7 -  7) =     -4.19999  eV     1   --> A              
     e(  8 -  8) =     -2.86447  eV     1   --> A              
     e(  9 -  9) =      4.30504  eV     1   --> A              
     e( 10 - 10) =      5.06818  eV     1   --> A              
     e( 11 - 11) =      5.81217  eV     1   --> A              
     e( 12 - 12) =      6.55152  eV     1   --> A              
     e( 13 - 13) =      6.85777  eV     1   --> A              
     e( 14 - 14) =      7.95343  eV     1   --> A              
     e( 15 - 15) =      8.79033  eV     1   --> A              
     e( 16 - 16) =      9.29234  eV     1   --> A              

 **************************************************************************

 **************************************************************************

                    xk=(   0.00000,   0.35283,   0.00000  )

     Band symmetry, C_1 (1)     point group:

     e(  1 -  1) =    -17.12926  eV     1   --> A              
     e(  2 -  2) =    -15.74696  eV     1   --> A              
     e(  3 -  3) =     -8.69006  eV     1   --> A              
     e(  4 -  4) =     -7.31681  eV     1   --> A              
     e(  5 -  5) =     -5.34925  eV     1   --> A              
     e(  6 -  6) =     -4.98499  eV     1   --> A              
     e(  7 -  7) =     -3.97960  eV     1   --> A              
     e(  8 -  8) =     -3.30535  eV     1   --> A              
     e(  9 -  9) =      3.72099  eV     1   --> A              
     e( 10 - 10) =      5.19863  eV     1   --> A              
     e( 11 - 11) =      5.85351  eV     1   --> A              
     e( 12 - 12) =      6.30677  eV     1   --> A              
     e( 13 - 13) =      7.31150  eV     1   --> A              
     e( 14 - 14) =      8.01648  eV     1   --> A              
     e( 15 - 15) =      8.27445  eV     1   --> A              
     e( 16 - 16) =      9.06653  eV     1   --> A              

 **************************************************************************

 **************************************************************************

                    xk=(   0.00000,   0.32075,   0.00000  )

     Band symmetry, C_1 (1)     point group:

     e(  1 -  1) =    -17.50209  eV     1   --> A              
     e(  2 -  2) =    -16.11930  eV     1   --> A              
     e(  3 -  3) =     -7.95216  eV     1   --> A              
     e(  4 -  4) =     -6.57962  eV     1   --> A              
     e(  5 -  5) =     -5.41426  eV     1   --> A              
     e(  6 -  6) =     -5.10228  eV     1   --> A              
     e(  7 -  7) =     -3.73274  eV     1   --> A              
     e(  8 -  8) =     -3.72065  eV     1   --> A              
     e(  9 -  9) =      3.18766  eV     1   --> A              
     e( 10 - 10) =      4.68250  eV     1   --> A              
     e( 11 - 11) =      5.73492  eV     1   --> A              
     e( 12 - 12) =      6.66770  eV     1   --> A              
     e( 13 - 13) =      7.66573  eV     1   --> A              
     e( 14 - 14) =      8.05247  eV     1   --> A              
     e( 15 - 15) =      8.23255  eV     1   --> A              
     e( 16 - 16) =      8.62136  eV     1   --> A              

 **************************************************************************

 **************************************************************************

                    xk=(   0.00000,   0.28868,   0.00000  )

     Band symmetry, C_1 (1)     point group:

     e(  1 -  1) =    -17.84097  eV     1   --> A              
     e(  2 -  2) =    -16.45771  eV     1   --> A              
     e(  3 -  3) =     -7.21615  eV     1   --> A              
     e(  4 -  4) =     -5.84748  eV     1   --> A              
     e(  5 -  5) =     -5.80651  eV     1   --> A              
     e(  6 -  6) =     -4.83305  eV     1   --> A              
     e(  7 -  7) =     -4.10441  eV     1   --> A              
     e(  8 -  8) =     -3.46363  eV     1   --> A              
     e(  9 -  9) =      2.70512  eV     1   --> A              
     e( 10 - 10) =      4.20641  eV     1   --> A              
     e( 11 - 11) =      5.27109  eV     1   --> A              
     e( 12 - 12) =      7.20248  eV     1   --> A              
     e( 13 - 13) =      7.43020  eV     1   --> A              
     e( 14 - 14) =      8.13088  eV     1   --> A              
     e( 15 - 15) =      8.34379  eV     1   --> A              
     e( 16 - 16) =      8.83516  eV     1   --> A              

 **************************************************************************

 **************************************************************************

                    xk=(   0.00000,   0.25660,   0.00000  )

     Band symmetry, C_1 (1)     point group:

     e(  1 -  1) =    -18.14596  eV     1   --> A              
     e(  2 -  2) =    -16.76226  eV     1   --> A              
     e(  3 -  3) =     -6.49061  eV     1   --> A              
     e(  4 -  4) =     -6.16884  eV     1   --> A              
     e(  5 -  5) =     -5.11882  eV     1   --> A              
     e(  6 -  6) =     -4.54689  eV     1   --> A              
     e(  7 -  7) =     -4.45403  eV     1   --> A              
     e(  8 -  8) =     -3.17760  eV     1   --> A              
     e(  9 -  9) =      2.27337  eV     1   --> A              
     e( 10 - 10) =      3.77903  eV     1   --> A              
     e( 11 - 11) =      4.84981  eV     1   --> A              
     e( 12 - 12) =      6.79730  eV     1   --> A              
     e( 13 - 13) =      7.73341  eV     1   --> A              
     e( 14 - 14) =      8.17008  eV     1   --> A              
     e( 15 - 15) =      8.43800  eV     1   --> A              
     e( 16 - 16) =      9.36834  eV     1   --> A              

 **************************************************************************

 **************************************************************************

                    xk=(   0.00000,   0.22453,   0.00000  )

     Band symmetry, C_1 (1)     point group:

     e(  1 -  1) =    -18.41606  eV     1   --> A              
     e(  2 -  2) =    -17.03197  eV     1   --> A              
     e(  3 -  3) =     -6.48993  eV     1   --> A              
     e(  4 -  4) =     -5.78462  eV     1   --> A              
     e(  5 -  5) =     -4.76707  eV     1   --> A              
     e(  6 -  6) =     -4.41345  eV     1   --> A              
     e(  7 -  7) =     -4.24984  eV     1   --> A              
     e(  8 -  8) =     -2.88070  eV     1   --> A              
     e(  9 -  9) =      1.89241  eV     1   --> A              
     e( 10 - 10) =      3.40144  eV     1   --> A              
     e( 11 - 11) =      4.47678  eV     1   --> A              
     e( 12 - 12) =      6.42960  eV     1   --> A              
     e( 13 - 13) =      7.39359  eV     1   --> A              
     e( 14 - 14) =      8.48958  eV     1   --> A              
     e( 15 - 15) =      8.88722  eV     1   --> A              
     e( 16 - 16) =      9.08730  eV     1   --> A              

 **************************************************************************

 **************************************************************************

                    xk=(   0.00000,   0.19245,   0.00000  )

     Band symmetry, C_1 (1)     point group:

     e(  1 -  1) =    -18.65092  eV     1   --> A              
     e(  2 -  2) =    -17.26649  eV     1   --> A              
     e(  3 -  3) =     -6.76975  eV     1   --> A              
     e(  4 -  4) =     -5.11416  eV     1   --> A              
     e(  5 -  5) =     -5.03957  eV     1   --> A              
     e(  6 -  6) =     -3.95074  eV     1   --> A              
     e(  7 -  7) =     -3.74307  eV     1   --> A              
     e(  8 -  8) =     -2.58177  eV     1   --> A              
     e(  9 -  9) =      1.56224  eV     1   --> A              
     e( 10 - 10) =      3.07395  eV     1   --> A              
     e( 11 - 11) =      4.15295  eV     1   --> A              
     e( 12 - 12) =      6.10960  eV     1   --> A              
     e( 13 - 13) =      7.08781  eV     1   --> A              
     e( 14 - 14) =      8.53449  eV     1   --> A              
     e( 15 - 15) =      8.81720  eV     1   --> A              
     e( 16 - 16) =      9.36099  eV     1   --> A              

 **************************************************************************

 **************************************************************************

                    xk=(   0.00000,   0.16038,   0.00000  )

     Band symmetry, C_1 (1)     point group:

     e(  1 -  1) =    -18.85000  eV     1   --> A              
     e(  2 -  2) =    -17.46527  eV     1   --> A              
     e(  3 -  3) =     -7.00792  eV     1   --> A              
     e(  4 -  4) =     -5.27322  eV     1   --> A              
     e(  5 -  5) =     -4.49062  eV     1   --> A              
     e(  6 -  6) =     -3.65965  eV     1   --> A              
     e(  7 -  7) =     -3.12099  eV     1   --> A              
     e(  8 -  8) =     -2.29086  eV     1   --> A              
     e(  9 -  9) =      1.28287  eV     1   --> A              
     e( 10 - 10) =      2.79672  eV     1   --> A              
     e( 11 - 11) =      3.87870  eV     1   --> A              
     e( 12 - 12) =      5.83833  eV     1   --> A              
     e( 13 - 13) =      6.82714  eV     1   --> A              
     e( 14 - 14) =      8.42934  eV     1   --> A              
     e( 15 - 15) =      8.70896  eV     1   --> A              
     e( 16 - 16) =      9.14711  eV     1   --> A              

 **************************************************************************

 **************************************************************************

                    xk=(   0.00000,   0.12830,   0.00000  )

     Band symmetry, C_1 (1)     point group:

     e(  1 -  1) =    -19.01331  eV     1   --> A              
     e(  2 -  2) =    -17.62834  eV     1   --> A              
     e(  3 -  3) =     -7.20400  eV     1   --> A              
     e(  4 -  4) =     -5.46493  eV     1   --> A              
     e(  5 -  5) =     -3.93547  eV     1   --> A              
     e(  6 -  6) =     -3.38978  eV     1   --> A              
     e(  7 -  7) =     -2.56631  eV     1   --> A              
     e(  8 -  8) =     -2.02117  eV     1   --> A              
     e(  9 -  9) =      1.05429  eV     1   --> A              
     e( 10 - 10) =      2.56982  eV     1   --> A              
     e( 11 - 11) =      3.65418  eV     1   --> A              
     e( 12 - 12) =      5.61616  eV     1   --> A              
     e( 13 - 13) =      6.61318  eV     1   --> A              
     e( 14 - 14) =      8.24439  eV     1   --> A              
     e( 15 - 15) =      8.69127  eV     1   --> A              
     e( 16 - 16) =      8.95093  eV     1   --> A              

 **************************************************************************

 **************************************************************************

                    xk=(   0.00000,   0.09623,   0.00000  )

     Band symmetry, C_1 (1)     point group:

     e(  1 -  1) =    -19.14050  eV     1   --> A              
     e(  2 -  2) =    -17.75535  eV     1   --> A              
     e(  3 -  3) =     -7.35705  eV     1   --> A              
     e(  4 -  4) =     -5.61479  eV     1   --> A              
     e(  5 -  5) =     -3.46983  eV     1   --> A              
     e(  6 -  6) =     -3.15538  eV     1   --> A              
     e(  7 -  7) =     -2.10108  eV     1   --> A              
     e(  8 -  8) =     -1.78694  eV     1   --> A              
     e(  9 -  9) =      0.87650  eV     1   --> A              
     e( 10 - 10) =      2.39331  eV     1   --> A              
     e( 11 - 11) =      3.47949  eV     1   --> A              
     e( 12 - 12) =      5.44327  eV     1   --> A              
     e( 13 - 13) =      6.44652  eV     1   --> A              
     e( 14 - 14) =      8.08545  eV     1   --> A              
     e( 15 - 15) =      8.66353  eV     1   --> A              
     e( 16 - 16) =      8.79965  eV     1   --> A              

 **************************************************************************

 **************************************************************************

                    xk=(   0.00000,   0.06415,   0.00000  )

     Band symmetry, C_1 (1)     point group:

     e(  1 -  1) =    -19.23145  eV     1   --> A              
     e(  2 -  2) =    -17.84617  eV     1   --> A              
     e(  3 -  3) =     -7.46678  eV     1   --> A              
     e(  4 -  4) =     -5.72215  eV     1   --> A              
     e(  5 -  5) =     -3.11522  eV     1   --> A              
     e(  6 -  6) =     -2.97250  eV     1   --> A              
     e(  7 -  7) =     -1.74679  eV     1   --> A              
     e(  8 -  8) =     -1.60421  eV     1   --> A              
     e(  9 -  9) =      0.74951  eV     1   --> A              
     e( 10 - 10) =      2.26721  eV     1   --> A              
     e( 11 - 11) =      3.35468  eV     1   --> A              
     e( 12 - 12) =      5.31976  eV     1   --> A              
     e( 13 - 13) =      6.32742  eV     1   --> A              
     e( 14 - 14) =      7.96929  eV     1   --> A              
     e( 15 - 15) =      8.62119  eV     1   --> A              
     e( 16 - 16) =      8.69552  eV     1   --> A              

 **************************************************************************

 **************************************************************************

                    xk=(   0.00000,   0.03208,   0.00000  )

     Band symmetry, C_1 (1)     point group:

     e(  1 -  1) =    -19.28603  eV     1   --> A              
     e(  2 -  2) =    -17.90067  eV     1   --> A              
     e(  3 -  3) =     -7.53275  eV     1   --> A              
     e(  4 -  4) =     -5.78679  eV     1   --> A              
     e(  5 -  5) =     -2.89109  eV     1   --> A              
     e(  6 -  6) =     -2.85503  eV     1   --> A              
     e(  7 -  7) =     -1.52286  eV     1   --> A              
     e(  8 -  8) =     -1.48683  eV     1   --> A              
     e(  9 -  9) =      0.67332  eV     1   --> A              
     e( 10 - 10) =      2.19154  eV     1   --> A              
     e( 11 - 11) =      3.27979  eV     1   --> A              
     e( 12 - 12) =      5.24565  eV     1   --> A              
     e( 13 - 13) =      6.25597  eV     1   --> A              
     e( 14 - 14) =      7.89914  eV     1   --> A              
     e( 15 - 15) =      8.58332  eV     1   --> A              
     e( 16 - 16) =      8.63518  eV     1   --> A              

 **************************************************************************

 **************************************************************************

                    xk=(   0.00000,   0.00000,   0.00000  )

     Band symmetry, C_1 (1)     point group:

     e(  1 -  1) =    -19.30432  eV     1   --> A              
     e(  2 -  2) =    -17.91893  eV     1   --> A              
     e(  3 -  3) =     -7.55488  eV     1   --> A              
     e(  4 -  4) =     -5.80840  eV     1   --> A              
     e(  5 -  6) =     -2.81486  eV     2   -->   2 A              
     e(  7 -  8) =     -1.44669  eV     2   -->   2 A              
     e(  9 -  9) =      0.64792  eV     1   --> A              
     e( 10 - 10) =      2.16632  eV     1   --> A              
     e( 11 - 11) =      3.25482  eV     1   --> A              
     e( 12 - 12) =      5.22095  eV     1   --> A              
     e( 13 - 13) =      6.23215  eV     1   --> A              
     e( 14 - 14) =      7.87571  eV     1   --> A              
     e( 15 - 15) =      8.56883  eV     1   --> A              
     e( 16 - 16) =      8.61362  eV     1   --> A              

 **************************************************************************
 
     BANDS        :      0.86s CPU      1.37s WALL

 
   This run was terminated on:  15:22:18  12Apr2024            

=------------------------------------------------------------------------------=
   JOB DONE.
=------------------------------------------------------------------------------=
